[19:19:55] [main/INFO]: Environment: authHost='https://authserver.mojang.com', accountsHost='https://api.mojang.com', sessionHost='https://sessionserver.mojang.com', servicesHost='https://api.minecraftservices.com', name='PROD'
[19:19:55] [main/WARN]: Ambiguity between arguments [teleport, destination] and [teleport, targets] with inputs: [Player, 0123, @e, dd12be42-52a9-4a91-a8a1-11c01849e498]
[19:19:55] [main/WARN]: Ambiguity between arguments [teleport, location] and [teleport, destination] with inputs: [0.1 -0.5 .9, 0 0 0]
[19:19:55] [main/WARN]: Ambiguity between arguments [teleport, location] and [teleport, targets] with inputs: [0.1 -0.5 .9, 0 0 0]
[19:19:55] [main/WARN]: Ambiguity between arguments [teleport, targets] and [teleport, destination] with inputs: [Player, 0123, dd12be42-52a9-4a91-a8a1-11c01849e498]
[19:19:55] [main/WARN]: Ambiguity between arguments [teleport, targets, location] and [teleport, targets, destination] with inputs: [0.1 -0.5 .9, 0 0 0]
[19:19:55] [main/INFO]: Reloading ResourceManager: Default
[19:19:55] [Worker-Main-12/INFO]: Loaded 7 recipes
[19:19:55] [Worker-Main-12/INFO]: Loaded 927 advancements
[19:19:56] [Server thread/INFO]: Starting minecraft server version 1.16.5
[19:19:56] [Server thread/INFO]: Loading properties
[19:19:56] [Server thread/INFO]: Default game type: SURVIVAL
[19:19:56] [Server thread/INFO]: Generating keypair
[19:19:56] [Server thread/INFO]: Starting Minecraft server on *:25565
[19:19:56] [Server thread/INFO]: Using default channel type
[19:19:57] [Server thread/INFO]: Preparing level "world"
[19:19:57] [Server thread/INFO]: Preparing start region for dimension minecraft:overworld
[19:19:57] [Server thread/INFO]: Preparing spawn area: 0%
[19:19:57] [Server thread/INFO]: Preparing spawn area: 0%
[19:19:59] [Worker-Main-10/INFO]: Preparing spawn area: 83%
[19:19:59] [Worker-Main-8/INFO]: Preparing spawn area: 83%
[19:19:59] [Worker-Main-12/INFO]: Preparing spawn area: 83%
[19:19:59] [Worker-Main-9/INFO]: Preparing spawn area: 83%
[19:20:00] [Worker-Main-12/INFO]: Preparing spawn area: 87%
[19:20:00] [Worker-Main-14/INFO]: Preparing spawn area: 87%
[19:20:01] [Worker-Main-13/INFO]: Preparing spawn area: 87%
[19:20:01] [Worker-Main-14/INFO]: Preparing spawn area: 90%
[19:20:01] [Server thread/INFO]: Time elapsed: 4871 ms
[19:20:01] [Server thread/INFO]: Done (4.934s)! For help, type "help"
[19:20:13] [User Authenticator #1/INFO]: UUID of player Fish_Pain is eea46fea-c605-406a-a43e-c7c4732ac2c0
[19:20:13] [Server thread/INFO]: Fish_Pain[/127.0.0.1:58225] logged in with entity id 181 at (-212.02270574397335, 69.0, -78.67422067327708)
[19:20:13] [Server thread/INFO]: Fish_Pain joined the game
[19:20:17] [Server thread/INFO]: Fish_Pain lost connection: Disconnected
[19:20:17] [Server thread/INFO]: Fish_Pain left the game
[19:20:21] [Server thread/INFO]: Stopping the server
[19:20:21] [Server thread/INFO]: Stopping server
[19:20:21] [Server thread/INFO]: Saving players
[19:20:21] [Server thread/INFO]: Saving worlds
[19:20:21] [Server thread/INFO]: Saving chunks for level 'ServerLevel[world]'/minecraft:overworld
[19:20:21] [Server thread/INFO]: ThreadedAnvilChunkStorage (world): All chunks are saved
[19:20:21] [Server thread/INFO]: Saving chunks for level 'ServerLevel[world]'/minecraft:the_nether
[19:20:21] [Server thread/INFO]: ThreadedAnvilChunkStorage (DIM-1): All chunks are saved
[19:20:21] [Server thread/INFO]: Saving chunks for level 'ServerLevel[world]'/minecraft:the_end
[19:20:21] [Server thread/INFO]: ThreadedAnvilChunkStorage (DIM1): All chunks are saved
[19:20:21] [Server thread/INFO]: ThreadedAnvilChunkStorage (world): All chunks are saved
[19:20:21] [Server thread/INFO]: ThreadedAnvilChunkStorage (DIM-1): All chunks are saved
[19:20:21] [Server thread/INFO]: ThreadedAnvilChunkStorage (DIM1): All chunks are saved
